Determining if the pthread_create exist failed with the following output:
Change Dir: /home/nvidia/Desktop/class_code/car_ros/build/CMakeFiles/CMakeTmp

Run Build Command:"/usr/bin/make" "cmTC_de89d/fast"
/usr/bin/make -f CMakeFiles/cmTC_de89d.dir/build.make CMakeFiles/cmTC_de89d.dir/build
make[1]: Entering directory '/home/nvidia/Desktop/class_code/car_ros/build/CMakeFiles/CMakeTmp'
Building C object CMakeFiles/cmTC_de89d.dir/CheckSymbolExists.c.o
/usr/bin/cc    -o CMakeFiles/cmTC_de89d.dir/CheckSymbolExists.c.o   -c /home/nvidia/Desktop/class_code/car_ros/build/CMakeFiles/CMakeTmp/CheckSymbolExists.c
Linking C executable cmTC_de89d
/usr/local/bin/cmake -E cmake_link_script CMakeFiles/cmTC_de89d.dir/link.txt --verbose=1
/usr/bin/cc      -rdynamic CMakeFiles/cmTC_de89d.dir/CheckSymbolExists.c.o  -o cmTC_de89d 
CMakeFiles/cmTC_de89d.dir/CheckSymbolExists.c.o: In function `main':
CheckSymbolExists.c:(.text+0x14): undefined reference to `pthread_create'
CheckSymbolExists.c:(.text+0x18): undefined reference to `pthread_create'
collect2: error: ld returned 1 exit status
CMakeFiles/cmTC_de89d.dir/build.make:97: recipe for target 'cmTC_de89d' failed
make[1]: *** [cmTC_de89d] Error 1
make[1]: Leaving directory '/home/nvidia/Desktop/class_code/car_ros/build/CMakeFiles/CMakeTmp'
Makefile:126: recipe for target 'cmTC_de89d/fast' failed
make: *** [cmTC_de89d/fast] Error 2

File /home/nvidia/Desktop/class_code/car_ros/build/CMakeFiles/CMakeTmp/CheckSymbolExists.c:
/* */
#include <pthread.h>

int main(int argc, char** argv)
{
  (void)argv;
#ifndef pthread_create
  return ((int*)(&pthread_create))[argc];
#else
  (void)argc;
  return 0;
#endif
}

Determining if the function pthread_create exists in the pthreads failed with the following output:
Change Dir: /home/nvidia/Desktop/class_code/car_ros/build/CMakeFiles/CMakeTmp

Run Build Command:"/usr/bin/make" "cmTC_b9869/fast"
/usr/bin/make -f CMakeFiles/cmTC_b9869.dir/build.make CMakeFiles/cmTC_b9869.dir/build
make[1]: Entering directory '/home/nvidia/Desktop/class_code/car_ros/build/CMakeFiles/CMakeTmp'
Building C object CMakeFiles/cmTC_b9869.dir/CheckFunctionExists.c.o
/usr/bin/cc   -DCHECK_FUNCTION_EXISTS=pthread_create   -o CMakeFiles/cmTC_b9869.dir/CheckFunctionExists.c.o   -c /usr/local/share/cmake-3.8/Modules/CheckFunctionExists.c
Linking C executable cmTC_b9869
/usr/local/bin/cmake -E cmake_link_script CMakeFiles/cmTC_b9869.dir/link.txt --verbose=1
/usr/bin/cc  -DCHECK_FUNCTION_EXISTS=pthread_create    -rdynamic CMakeFiles/cmTC_b9869.dir/CheckFunctionExists.c.o  -o cmTC_b9869 -lpthreads 
/usr/bin/ld: cannot find -lpthreads
collect2: error: ld returned 1 exit status
CMakeFiles/cmTC_b9869.dir/build.make:97: recipe for target 'cmTC_b9869' failed
make[1]: *** [cmTC_b9869] Error 1
make[1]: Leaving directory '/home/nvidia/Desktop/class_code/car_ros/build/CMakeFiles/CMakeTmp'
Makefile:126: recipe for target 'cmTC_b9869/fast' failed
make: *** [cmTC_b9869/fast] Error 2


